app/build/intermediates/manifest_merge_blame_file/debug/manifest-merger-blame-debug-report.txt
1<?xml version="1.0" encoding="utf-8"?>
2<manifest xmlns:android="http://schemas.android.com/apk/res/android"
3    package="org.pytorch.demo.objectdetection"
4    android:versionCode="1"
5    android:versionName="1.0" >
6
7    <uses-sdk
8        android:minSdkVersion="28"
8-->src\main\AndroidManifest.xml
9        android:targetSdkVersion="32" />
9-->src\main\AndroidManifest.xml
10
11    <uses-permission android:name="android.permission.INTERNET" />
11-->src\main\AndroidManifest.xml:7:5-67
11-->src\main\AndroidManifest.xml:7:22-64
12    <uses-permission android:name="android.permission.READ_EXTERNAL_STORAGE" />
12-->src\main\AndroidManifest.xml:8:5-80
12-->src\main\AndroidManifest.xml:8:22-77
13    <uses-permission android:name="android.permission.CAMERA" />
13-->src\main\AndroidManifest.xml:9:5-65
13-->src\main\AndroidManifest.xml:9:22-62
14
15    <queries>
15-->[com.kakao.sdk:v2-navi:2.11.2] AndroidManifest.xml:9:5-12:15
16        <package android:name="com.locnall.KimGiSa" />
16-->[com.kakao.sdk:v2-navi:2.11.2] AndroidManifest.xml:10:9-55
16-->[com.kakao.sdk:v2-navi:2.11.2] AndroidManifest.xml:10:18-52
17        <package android:name="com.lguplus.navi" />
17-->[com.kakao.sdk:v2-navi:2.11.2] AndroidManifest.xml:11:9-52
17-->[com.kakao.sdk:v2-navi:2.11.2] AndroidManifest.xml:11:18-49
18        <package android:name="com.kakao.talk" />
18-->[com.kakao.sdk:v2-common:2.11.2] AndroidManifest.xml:10:9-50
18-->[com.kakao.sdk:v2-common:2.11.2] AndroidManifest.xml:10:18-47
19        <package android:name="com.kakao.talk.alpha" />
19-->[com.kakao.sdk:v2-common:2.11.2] AndroidManifest.xml:11:9-56
19-->[com.kakao.sdk:v2-common:2.11.2] AndroidManifest.xml:11:18-53
20        <package android:name="com.kakao.talk.sandbox" />
20-->[com.kakao.sdk:v2-common:2.11.2] AndroidManifest.xml:12:9-58
20-->[com.kakao.sdk:v2-common:2.11.2] AndroidManifest.xml:12:18-55
21        <package android:name="com.kakao.onetalk" />
21-->[com.kakao.sdk:v2-common:2.11.2] AndroidManifest.xml:13:9-53
21-->[com.kakao.sdk:v2-common:2.11.2] AndroidManifest.xml:13:18-50
22
23        <intent>
23-->[com.kakao.sdk:v2-common:2.11.2] AndroidManifest.xml:15:9-21:18
24            <action android:name="android.intent.action.VIEW" />
24-->src\main\AndroidManifest.xml:45:17-69
24-->src\main\AndroidManifest.xml:45:25-66
25
26            <category android:name="android.intent.category.BROWSABLE" />
26-->src\main\AndroidManifest.xml:47:17-78
26-->src\main\AndroidManifest.xml:47:27-75
27
28            <data android:scheme="https" />
28-->src\main\AndroidManifest.xml:50:17-51:78
28-->src\main\AndroidManifest.xml:51:21-75
29        </intent>
30    </queries>
31
32    <application
32-->src\main\AndroidManifest.xml:11:5-54:19
33        android:name="org.pytorch.demo.objectdetection.kakaoApplication"
33-->src\main\AndroidManifest.xml:19:9-41
34        android:allowBackup="true"
34-->src\main\AndroidManifest.xml:12:9-35
35        android:appComponentFactory="androidx.core.app.CoreComponentFactory"
35-->[androidx.core:core:1.5.0] AndroidManifest.xml:24:18-86
36        android:dataExtractionRules="@xml/data_extraction_rules"
36-->src\main\AndroidManifest.xml:13:9-65
37        android:debuggable="true"
38        android:extractNativeLibs="false"
39        android:fullBackupContent="@xml/backup_rules"
39-->src\main\AndroidManifest.xml:14:9-54
40        android:icon="@mipmap/ic_launcher"
40-->src\main\AndroidManifest.xml:15:9-43
41        android:label="@string/app_name"
41-->src\main\AndroidManifest.xml:16:9-41
42        android:roundIcon="@mipmap/ic_launcher_round"
42-->src\main\AndroidManifest.xml:17:9-54
43        android:supportsRtl="true"
43-->src\main\AndroidManifest.xml:18:9-35
44        android:testOnly="true"
45        android:theme="@style/Theme.AppCompat.Light.NoActionBar"
45-->src\main\AndroidManifest.xml:20:9-65
46        android:usesCleartextTraffic="true" >
46-->[com.kakao.sdk:v2-friend:2.11.2] AndroidManifest.xml:11:9-44
47        <activity
47-->src\main\AndroidManifest.xml:21:9-29:20
48            android:name="org.pytorch.demo.objectdetection.Login"
48-->src\main\AndroidManifest.xml:21:19-40
49            android:configChanges="orientation"
49-->src\main\AndroidManifest.xml:22:13-48
50            android:exported="true"
50-->src\main\AndroidManifest.xml:24:13-36
51            android:screenOrientation="portrait" >
51-->src\main\AndroidManifest.xml:23:13-49
52            <intent-filter>
52-->src\main\AndroidManifest.xml:25:13-28:29
53                <action android:name="android.intent.action.MAIN" />
53-->src\main\AndroidManifest.xml:26:17-69
53-->src\main\AndroidManifest.xml:26:25-66
54
55                <category android:name="android.intent.category.LAUNCHER" />
55-->src\main\AndroidManifest.xml:27:17-77
55-->src\main\AndroidManifest.xml:27:27-74
56            </intent-filter>
57        </activity>
58        <activity
58-->src\main\AndroidManifest.xml:30:9-34:20
59            android:name="org.pytorch.demo.objectdetection.ObjectDetectionActivity"
59-->src\main\AndroidManifest.xml:31:13-52
60            android:configChanges="orientation"
60-->src\main\AndroidManifest.xml:32:13-48
61            android:screenOrientation="portrait" >
61-->src\main\AndroidManifest.xml:33:13-49
62        </activity>
63        <activity
63-->src\main\AndroidManifest.xml:35:9-39:20
64            android:name="org.pytorch.demo.objectdetection.MainActivity"
64-->src\main\AndroidManifest.xml:36:13-41
65            android:exported="true" >
65-->src\main\AndroidManifest.xml:37:13-36
66        </activity>
67        <activity
67-->src\main\AndroidManifest.xml:40:9-53:20
68            android:name="com.kakao.sdk.auth.AuthCodeHandlerActivity"
68-->src\main\AndroidManifest.xml:41:13-70
69            android:exported="true"
69-->src\main\AndroidManifest.xml:42:13-36
70            android:launchMode="singleTask"
70-->[com.kakao.sdk:v2-auth:2.11.2] AndroidManifest.xml:18:13-44
71            android:theme="@style/TransparentCompat" >
71-->[com.kakao.sdk:v2-auth:2.11.2] AndroidManifest.xml:19:13-53
72            <intent-filter>
72-->src\main\AndroidManifest.xml:44:13-52:29
73                <action android:name="android.intent.action.VIEW" />
73-->src\main\AndroidManifest.xml:45:17-69
73-->src\main\AndroidManifest.xml:45:25-66
74
75                <category android:name="android.intent.category.DEFAULT" />
75-->src\main\AndroidManifest.xml:46:17-76
75-->src\main\AndroidManifest.xml:46:27-73
76                <category android:name="android.intent.category.BROWSABLE" />
76-->src\main\AndroidManifest.xml:47:17-78
76-->src\main\AndroidManifest.xml:47:27-75
77
78                <!-- Redirect URI: "kakao{NATIVE_APP_KEY}://oauth" -->
79                <data
79-->src\main\AndroidManifest.xml:50:17-51:78
80                    android:host="oauth"
80-->src\main\AndroidManifest.xml:50:23-43
81                    android:scheme="kakaof3de2d08818769c79ad94cb4f8975e48" />
81-->src\main\AndroidManifest.xml:51:21-75
82            </intent-filter>
83        </activity>
84        <activity
84-->[com.kakao.sdk:v2-friend:2.11.2] AndroidManifest.xml:13:9-16:59
85            android:name="com.kakao.sdk.friend.view.FullPickerActivity"
85-->[com.kakao.sdk:v2-friend:2.11.2] AndroidManifest.xml:14:13-72
86            android:theme="@style/DayNightFull"
86-->[com.kakao.sdk:v2-friend:2.11.2] AndroidManifest.xml:15:13-48
87            android:windowSoftInputMode="adjustNothing" />
87-->[com.kakao.sdk:v2-friend:2.11.2] AndroidManifest.xml:16:13-56
88        <activity
88-->[com.kakao.sdk:v2-friend:2.11.2] AndroidManifest.xml:17:9-19:52
89            android:name="com.kakao.sdk.friend.view.PopupPickerActivity"
89-->[com.kakao.sdk:v2-friend:2.11.2] AndroidManifest.xml:18:13-73
90            android:theme="@style/DayNightPopup" />
90-->[com.kakao.sdk:v2-friend:2.11.2] AndroidManifest.xml:19:13-49
91        <activity
91-->[com.kakao.sdk:v2-auth:2.11.2] AndroidManifest.xml:10:9-15:56
92            android:name="com.kakao.sdk.auth.TalkAuthCodeActivity"
92-->[com.kakao.sdk:v2-auth:2.11.2] AndroidManifest.xml:11:13-67
93            android:configChanges="orientation|screenSize|keyboardHidden"
93-->[com.kakao.sdk:v2-auth:2.11.2] AndroidManifest.xml:12:13-74
94            android:exported="false"
94-->[com.kakao.sdk:v2-auth:2.11.2] AndroidManifest.xml:13:13-37
95            android:launchMode="singleTask"
95-->[com.kakao.sdk:v2-auth:2.11.2] AndroidManifest.xml:14:13-44
96            android:theme="@style/TransparentCompat" />
96-->[com.kakao.sdk:v2-auth:2.11.2] AndroidManifest.xml:15:13-53
97        <activity
97-->[com.google.android.gms:play-services-auth:20.4.0] AndroidManifest.xml:23:9-27:75
98            android:name="com.google.android.gms.auth.api.signin.internal.SignInHubActivity"
98-->[com.google.android.gms:play-services-auth:20.4.0] AndroidManifest.xml:24:13-93
99            android:excludeFromRecents="true"
99-->[com.google.android.gms:play-services-auth:20.4.0] AndroidManifest.xml:25:13-46
100            android:exported="false"
100-->[com.google.android.gms:play-services-auth:20.4.0] AndroidManifest.xml:26:13-37
101            android:theme="@android:style/Theme.Translucent.NoTitleBar" />
101-->[com.google.android.gms:play-services-auth:20.4.0] AndroidManifest.xml:27:13-72
102        <!--
103            Service handling Google Sign-In user revocation. For apps that do not integrate with
104            Google Sign-In, this service will never be started.
105        -->
106        <service
106-->[com.google.android.gms:play-services-auth:20.4.0] AndroidManifest.xml:33:9-37:51
107            android:name="com.google.android.gms.auth.api.signin.RevocationBoundService"
107-->[com.google.android.gms:play-services-auth:20.4.0] AndroidManifest.xml:34:13-89
108            android:exported="true"
108-->[com.google.android.gms:play-services-auth:20.4.0] AndroidManifest.xml:35:13-36
109            android:permission="com.google.android.gms.auth.api.signin.permission.REVOCATION_NOTIFICATION"
109-->[com.google.android.gms:play-services-auth:20.4.0] AndroidManifest.xml:36:13-107
110            android:visibleToInstantApps="true" />
110-->[com.google.android.gms:play-services-auth:20.4.0] AndroidManifest.xml:37:13-48
111
112        <provider
112-->[androidx.camera:camera-camera2:1.0.0-alpha05] AndroidManifest.xml:25:9-30:43
113            android:name="androidx.camera.camera2.impl.Camera2Initializer"
113-->[androidx.camera:camera-camera2:1.0.0-alpha05] AndroidManifest.xml:26:13-75
114            android:authorities="org.pytorch.demo.objectdetection.camerax-init"
114-->[androidx.camera:camera-camera2:1.0.0-alpha05] AndroidManifest.xml:27:13-64
115            android:exported="false"
115-->[androidx.camera:camera-camera2:1.0.0-alpha05] AndroidManifest.xml:28:13-37
116            android:initOrder="100"
116-->[androidx.camera:camera-camera2:1.0.0-alpha05] AndroidManifest.xml:29:13-36
117            android:multiprocess="true" />
117-->[androidx.camera:camera-camera2:1.0.0-alpha05] AndroidManifest.xml:30:13-40
118
119        <activity
119-->[com.google.android.gms:play-services-base:18.0.1] AndroidManifest.xml:20:9-22:45
120            android:name="com.google.android.gms.common.api.GoogleApiActivity"
120-->[com.google.android.gms:play-services-base:18.0.1] AndroidManifest.xml:20:19-85
121            android:exported="false"
121-->[com.google.android.gms:play-services-base:18.0.1] AndroidManifest.xml:22:19-43
122            android:theme="@android:style/Theme.Translucent.NoTitleBar" />
122-->[com.google.android.gms:play-services-base:18.0.1] AndroidManifest.xml:21:19-78
123
124        <meta-data
124-->[com.google.android.gms:play-services-basement:18.1.0] AndroidManifest.xml:21:9-23:69
125            android:name="com.google.android.gms.version"
125-->[com.google.android.gms:play-services-basement:18.1.0] AndroidManifest.xml:22:13-58
126            android:value="@integer/google_play_services_version" />
126-->[com.google.android.gms:play-services-basement:18.1.0] AndroidManifest.xml:23:13-66
127    </application>
128
129</manifest>